[0mGET / [36m304 [0m694.639 ms - -[0m
[0mGET /javascripts/bootstrap.js [36m304 [0m8.670 ms - -[0m
[0mGET /javascripts/main.js [36m304 [0m2.907 ms - -[0m
[0mGET /stylesheets/bootstrap.css [36m304 [0m1955.142 ms - -[0m
[0mGET /stylesheets/style.css [36m304 [0m1968.086 ms - -[0m
[0mGET /Code [36m304 [0m176.420 ms - -[0m
[0mGET /javascripts/bootstrap.js [36m304 [0m11.176 ms - -[0m
[0mGET /javascripts/main.js [36m304 [0m11.396 ms - -[0m
[0mGET /stylesheets/bootstrap.css [36m304 [0m1605.821 ms - -[0m
[0mGET /stylesheets/style.css [36m304 [0m1614.212 ms - -[0m
[0mGET / [36m304 [0m57.158 ms - -[0m
[0mGET /javascripts/bootstrap.js [36m304 [0m5.844 ms - -[0m
[0mGET /javascripts/main.js [36m304 [0m5.831 ms - -[0m
[0mGET /stylesheets/bootstrap.css [36m304 [0m1722.391 ms - -[0m
[0mGET /stylesheets/style.css [36m304 [0m1732.630 ms - -[0m
[0mGET / [36m304 [0m116.522 ms - -[0m
[0mGET /javascripts/bootstrap.js [36m304 [0m26.028 ms - -[0m
[0mGET /javascripts/main.js [36m304 [0m18.775 ms - -[0m
[0mGET /stylesheets/bootstrap.css [36m304 [0m1846.478 ms - -[0m
[0mGET /stylesheets/style.css [36m304 [0m1853.352 ms - -[0m
[0mGET / [36m304 [0m46.122 ms - -[0m
[0mGET /javascripts/bootstrap.js [36m304 [0m5.200 ms - -[0m
[0mGET /javascripts/main.js [36m304 [0m6.274 ms - -[0m
[0mGET /stylesheets/style.css [36m304 [0m1696.381 ms - -[0m
[0mGET /stylesheets/bootstrap.css [36m304 [0m1711.568 ms - -[0m
[0mGET / [36m304 [0m70.414 ms - -[0m
[0mGET /javascripts/bootstrap.js [36m304 [0m19.023 ms - -[0m
[0mGET /javascripts/main.js [36m304 [0m9.877 ms - -[0m
[0mGET /stylesheets/bootstrap.css [36m304 [0m1890.103 ms - -[0m
[0mGET /stylesheets/style.css [36m304 [0m1894.077 ms - -[0m
[0mGET / [32m200 [0m703.325 ms - 1804[0m
[0mGET /javascripts/bootstrap.js [36m304 [0m12.302 ms - -[0m
[0mGET /javascripts/main.js [36m304 [0m17.523 ms - -[0m
[0mGET /stylesheets/bootstrap.css [36m304 [0m1849.779 ms - -[0m
[0mGET /stylesheets/style.css [36m304 [0m1853.456 ms - -[0m
[0mGET /Code [32m200 [0m148.854 ms - 2314[0m
[0mGET /javascripts/bootstrap.js [36m304 [0m15.072 ms - -[0m
[0mGET /javascripts/main.js [36m304 [0m14.979 ms - -[0m
[0mGET /stylesheets/bootstrap.css [36m304 [0m1497.852 ms - -[0m
[0mGET /stylesheets/style.css [36m304 [0m1517.309 ms - -[0m
[0mGET /Code [32m200 [0m90.224 ms - 2316[0m
[0mGET /javascripts/bootstrap.js [36m304 [0m4.644 ms - -[0m
[0mGET /javascripts/main.js [36m304 [0m5.010 ms - -[0m
[0mGET /stylesheets/bootstrap.css [36m304 [0m1556.106 ms - -[0m
[0mGET /stylesheets/style.css [36m304 [0m1564.737 ms - -[0m
[0mGET / [32m200 [0m72.799 ms - 1806[0m
[0mGET /javascripts/bootstrap.js [36m304 [0m10.371 ms - -[0m
[0mGET /javascripts/main.js [36m304 [0m1.825 ms - -[0m
[0mGET /stylesheets/style.css [36m304 [0m1686.617 ms - -[0m
[0mGET /stylesheets/bootstrap.css [36m304 [0m1689.292 ms - -[0m
[0mGET /Code [36m304 [0m70.440 ms - -[0m
[0mGET /javascripts/bootstrap.js [36m304 [0m1.379 ms - -[0m
[0mGET /javascripts/main.js [36m304 [0m2.613 ms - -[0m
[0mGET /stylesheets/bootstrap.css [36m304 [0m1542.089 ms - -[0m
[0mGET /stylesheets/style.css [36m304 [0m1547.133 ms - -[0m
[0mGET /Code [32m200 [0m69.700 ms - 2317[0m
[0mGET /javascripts/bootstrap.js [36m304 [0m19.999 ms - -[0m
[0mGET /javascripts/main.js [36m304 [0m12.840 ms - -[0m
[0mGET /stylesheets/bootstrap.css [36m304 [0m1556.859 ms - -[0m
[0mGET /stylesheets/style.css [36m304 [0m1559.720 ms - -[0m
[0mGET / [32m200 [0m50.648 ms - 1807[0m
[0mGET /javascripts/bootstrap.js [36m304 [0m2.932 ms - -[0m
[0mGET /javascripts/main.js [36m304 [0m2.677 ms - -[0m
[0mGET /stylesheets/bootstrap.css [36m304 [0m14.081 ms - -[0m
[0mGET /stylesheets/style.css [36m304 [0m11.118 ms - -[0m
[0mGET /Video [32m200 [0m78.249 ms - 2287[0m
[0mGET /stylesheets/bootstrap.css [36m304 [0m11.709 ms - -[0m
[0mGET /stylesheets/style.css [36m304 [0m14.465 ms - -[0m
[0mGET /javascripts/bootstrap.js [36m304 [0m1.747 ms - -[0m
[0mGET /javascripts/main.js [36m304 [0m2.452 ms - -[0m
[0mGET /Video [36m304 [0m66.730 ms - -[0m
[0mGET /stylesheets/style.css [36m304 [0m6.192 ms - -[0m
[0mGET /stylesheets/bootstrap.css [36m304 [0m8.341 ms - -[0m
[0mGET /javascripts/bootstrap.js [36m304 [0m4.469 ms - -[0m
[0mGET /javascripts/main.js [36m304 [0m3.719 ms - -[0m
[0mGET /Code [36m304 [0m36.997 ms - -[0m
[0mGET /stylesheets/bootstrap.css [36m304 [0m3.927 ms - -[0m
[0mGET /stylesheets/style.css [36m304 [0m8.549 ms - -[0m
[0mGET /javascripts/bootstrap.js [36m304 [0m0.721 ms - -[0m
[0mGET /javascripts/main.js [36m304 [0m0.628 ms - -[0m
[0mGET /Video [36m304 [0m41.380 ms - -[0m
[0mGET /stylesheets/bootstrap.css [36m304 [0m4.081 ms - -[0m
[0mGET /stylesheets/style.css [36m304 [0m4.084 ms - -[0m
[0mGET /javascripts/bootstrap.js [36m304 [0m2.300 ms - -[0m
[0mGET /javascripts/main.js [36m304 [0m1.602 ms - -[0m
[0mGET /Video [32m200 [0m43.452 ms - 2302[0m
[0mGET /stylesheets/bootstrap.css [36m304 [0m19.612 ms - -[0m
[0mGET /stylesheets/style.css [36m304 [0m19.477 ms - -[0m
[0mGET /javascripts/bootstrap.js [36m304 [0m4.509 ms - -[0m
[0mGET /javascripts/main.js [36m304 [0m3.651 ms - -[0m
[0mGET /Code [32m200 [0m58.111 ms - 2302[0m
[0mGET /stylesheets/bootstrap.css [36m304 [0m6.569 ms - -[0m
[0mGET /stylesheets/style.css [36m304 [0m5.792 ms - -[0m
[0mGET /javascripts/bootstrap.js [36m304 [0m2.185 ms - -[0m
[0mGET /javascripts/main.js [36m304 [0m1.981 ms - -[0m
[0mGET /Video [36m304 [0m64.814 ms - -[0m
[0mGET /stylesheets/bootstrap.css [36m304 [0m5.371 ms - -[0m
[0mGET /javascripts/bootstrap.js [36m304 [0m4.239 ms - -[0m
[0mGET /javascripts/main.js [36m304 [0m3.538 ms - -[0m
[0mGET /stylesheets/style.css [36m304 [0m11.573 ms - -[0m
[0mGET /Video [36m304 [0m86.418 ms - -[0m
[0mGET /stylesheets/style.css [36m304 [0m5.637 ms - -[0m
[0mGET /stylesheets/bootstrap.css [36m304 [0m10.590 ms - -[0m
[0mGET /javascripts/bootstrap.js [36m304 [0m2.511 ms - -[0m
[0mGET /javascripts/main.js [36m304 [0m1.528 ms - -[0m
[0mGET /Video [36m304 [0m55.561 ms - -[0m
[0mGET /stylesheets/bootstrap.css [36m304 [0m5.381 ms - -[0m
[0mGET /stylesheets/style.css [36m304 [0m5.027 ms - -[0m
[0mGET /javascripts/bootstrap.js [36m304 [0m2.133 ms - -[0m
[0mGET /javascripts/main.js [36m304 [0m2.121 ms - -[0m
[0mGET / [36m304 [0m39.147 ms - -[0m
[0mGET /javascripts/bootstrap.js [36m304 [0m2.314 ms - -[0m
[0mGET /javascripts/main.js [36m304 [0m2.624 ms - -[0m
[0mGET /stylesheets/bootstrap.css [36m304 [0m11.105 ms - -[0m
[0mGET /stylesheets/style.css [36m304 [0m10.523 ms - -[0m
[0mGET /Video [36m304 [0m32.183 ms - -[0m
[0mGET /stylesheets/bootstrap.css [36m304 [0m7.372 ms - -[0m
[0mGET /stylesheets/style.css [36m304 [0m7.580 ms - -[0m
[0mGET /javascripts/bootstrap.js [36m304 [0m2.049 ms - -[0m
[0mGET /javascripts/main.js [36m304 [0m1.230 ms - -[0m
[0mGET /Video [36m304 [0m49.395 ms - -[0m
[0mGET /stylesheets/style.css [36m304 [0m4.984 ms - -[0m
[0mGET /stylesheets/bootstrap.css [36m304 [0m9.687 ms - -[0m
[0mGET /javascripts/bootstrap.js [36m304 [0m11.223 ms - -[0m
[0mGET /javascripts/main.js [36m304 [0m2.196 ms - -[0m
[0mGET /Video [36m304 [0m35.463 ms - -[0m
[0mGET /stylesheets/bootstrap.css [36m304 [0m9.255 ms - -[0m
[0mGET /stylesheets/style.css [36m304 [0m4.398 ms - -[0m
[0mGET /javascripts/bootstrap.js [36m304 [0m2.689 ms - -[0m
[0mGET /javascripts/main.js [36m304 [0m1.589 ms - -[0m
[0mGET /Video [36m304 [0m81.538 ms - -[0m
[0mGET /stylesheets/bootstrap.css [36m304 [0m2.808 ms - -[0m
[0mGET /javascripts/bootstrap.js [36m304 [0m2.615 ms - -[0m
[0mGET /javascripts/main.js [36m304 [0m2.566 ms - -[0m
[0mGET /stylesheets/style.css [36m304 [0m19.569 ms - -[0m
[0mGET / [32m200 [0m32.486 ms - 1765[0m
[0mGET /javascripts/bootstrap.js [36m304 [0m5.884 ms - -[0m
[0mGET /javascripts/main.js [36m304 [0m2.038 ms - -[0m
[0mGET /stylesheets/bootstrap.css [36m304 [0m12.654 ms - -[0m
[0mGET /stylesheets/style.css [36m304 [0m12.885 ms - -[0m
[0mGET /Video [36m304 [0m50.712 ms - -[0m
[0mGET /stylesheets/bootstrap.css [36m304 [0m2.186 ms - -[0m
[0mGET /stylesheets/style.css [36m304 [0m2.783 ms - -[0m
[0mGET /javascripts/bootstrap.js [36m304 [0m1.926 ms - -[0m
[0mGET /javascripts/main.js [36m304 [0m1.154 ms - -[0m
[0mGET /Code [36m304 [0m48.854 ms - -[0m
[0mGET /stylesheets/bootstrap.css [36m304 [0m4.083 ms - -[0m
[0mGET /stylesheets/style.css [36m304 [0m5.042 ms - -[0m
[0mGET /javascripts/bootstrap.js [36m304 [0m1.252 ms - -[0m
[0mGET /javascripts/main.js [36m304 [0m0.550 ms - -[0m
[0mGET /Video [36m304 [0m40.403 ms - -[0m
[0mGET /stylesheets/style.css [36m304 [0m5.482 ms - -[0m
[0mGET /stylesheets/bootstrap.css [36m304 [0m7.555 ms - -[0m
[0mGET /javascripts/bootstrap.js [36m304 [0m1.531 ms - -[0m
[0mGET /javascripts/main.js [36m304 [0m1.667 ms - -[0m
[0mGET /Video [36m304 [0m48.070 ms - -[0m
[0mGET /stylesheets/style.css [36m304 [0m4.461 ms - -[0m
[0mGET /stylesheets/bootstrap.css [36m304 [0m6.994 ms - -[0m
[0mGET /javascripts/bootstrap.js [36m304 [0m1.126 ms - -[0m
[0mGET /javascripts/main.js [36m304 [0m1.440 ms - -[0m
[0mGET /Code [36m304 [0m44.677 ms - -[0m
[0mGET /javascripts/bootstrap.js [36m304 [0m8.926 ms - -[0m
[0mGET /javascripts/main.js [36m304 [0m8.142 ms - -[0m
[0mGET /stylesheets/bootstrap.css [36m304 [0m23.212 ms - -[0m
[0mGET /stylesheets/style.css [36m304 [0m19.573 ms - -[0m
[0mGET /Video [36m304 [0m36.711 ms - -[0m
[0mGET /javascripts/bootstrap.js [36m304 [0m2.437 ms - -[0m
[0mGET /javascripts/main.js [36m304 [0m1.268 ms - -[0m
[0mGET /stylesheets/bootstrap.css [36m304 [0m18.359 ms - -[0m
[0mGET /stylesheets/style.css [36m304 [0m9.451 ms - -[0m
[0mGET /Video [36m304 [0m37.966 ms - -[0m
[0mGET /stylesheets/bootstrap.css [36m304 [0m3.921 ms - -[0m
[0mGET /stylesheets/style.css [36m304 [0m6.574 ms - -[0m
[0mGET /javascripts/bootstrap.js [36m304 [0m0.682 ms - -[0m
[0mGET /javascripts/main.js [36m304 [0m0.332 ms - -[0m
[0mGET /Video [36m304 [0m50.934 ms - -[0m
[0mGET /javascripts/bootstrap.js [36m304 [0m1.585 ms - -[0m
[0mGET /javascripts/main.js [36m304 [0m1.940 ms - -[0m
[0mGET /stylesheets/bootstrap.css [36m304 [0m16.421 ms - -[0m
[0mGET /stylesheets/style.css [36m304 [0m18.663 ms - -[0m
[0mGET /Video [36m304 [0m32.926 ms - -[0m
[0mGET /stylesheets/style.css [36m304 [0m2.749 ms - -[0m
[0mGET /stylesheets/bootstrap.css [36m304 [0m4.272 ms - -[0m
[0mGET /javascripts/bootstrap.js [36m304 [0m1.062 ms - -[0m
[0mGET /javascripts/main.js [36m304 [0m3.487 ms - -[0m
[0mGET /Video [36m304 [0m595.480 ms - -[0m
[0mGET /javascripts/bootstrap.js [36m304 [0m34.240 ms - -[0m
[0mGET /javascripts/main.js [36m304 [0m38.427 ms - -[0m
[0mGET /stylesheets/style.css [36m304 [0m1863.851 ms - -[0m
[0mGET /stylesheets/bootstrap.css [36m304 [0m1874.691 ms - -[0m
[0mGET / [36m304 [0m139.435 ms - -[0m
[0mGET /javascripts/bootstrap.js [36m304 [0m11.552 ms - -[0m
[0mGET /javascripts/main.js [36m304 [0m12.291 ms - -[0m
[0mGET /stylesheets/bootstrap.css [36m304 [0m1687.679 ms - -[0m
[0mGET /stylesheets/style.css [36m304 [0m1710.820 ms - -[0m
[0mGET /Video [36m304 [0m73.002 ms - -[0m
[0mGET /javascripts/bootstrap.js [36m304 [0m2.316 ms - -[0m
[0mGET /javascripts/main.js [36m304 [0m1.774 ms - -[0m
[0mGET /stylesheets/bootstrap.css [36m304 [0m1721.486 ms - -[0m
[0mGET /stylesheets/style.css [36m304 [0m1725.719 ms - -[0m
[0mGET /Video [36m304 [0m102.526 ms - -[0m
[0mGET /javascripts/bootstrap.js [36m304 [0m13.544 ms - -[0m
[0mGET /javascripts/main.js [36m304 [0m14.084 ms - -[0m
[0mGET /stylesheets/bootstrap.css [36m304 [0m1877.992 ms - -[0m
[0mGET /stylesheets/style.css [36m304 [0m1886.317 ms - -[0m
[0mGET /Video [36m304 [0m72.126 ms - -[0m
[0mGET /javascripts/bootstrap.js [36m304 [0m7.804 ms - -[0m
[0mGET /javascripts/main.js [36m304 [0m1.925 ms - -[0m
[0mGET /stylesheets/bootstrap.css [36m304 [0m1770.608 ms - -[0m
[0mGET /stylesheets/style.css [36m304 [0m1791.549 ms - -[0m
[0mGET / [32m200 [0m61.835 ms - 1759[0m
[0mGET /javascripts/bootstrap.js [36m304 [0m21.895 ms - -[0m
[0mGET /javascripts/main.js [36m304 [0m21.311 ms - -[0m
[0mGET /stylesheets/style.css [36m304 [0m1687.178 ms - -[0m
[0mGET /stylesheets/bootstrap.css [36m304 [0m1705.977 ms - -[0m
[0mGET /Code [36m304 [0m81.965 ms - -[0m
[0mGET /javascripts/bootstrap.js [36m304 [0m2.721 ms - -[0m
[0mGET /javascripts/main.js [36m304 [0m2.639 ms - -[0m
[0mGET /stylesheets/style.css [36m304 [0m10.565 ms - -[0m
[0mGET /stylesheets/bootstrap.css [36m304 [0m12.821 ms - -[0m
[0mGET /Video [36m304 [0m51.874 ms - -[0m
[0mGET /stylesheets/bootstrap.css [36m304 [0m4.379 ms - -[0m
[0mGET /stylesheets/style.css [36m304 [0m3.751 ms - -[0m
[0mGET /javascripts/bootstrap.js [36m304 [0m1.038 ms - -[0m
[0mGET /javascripts/main.js [36m304 [0m0.572 ms - -[0m
[0mGET /Video [32m200 [0m43.557 ms - 1803[0m
[0mGET /stylesheets/bootstrap.css [36m304 [0m4.810 ms - -[0m
[0mGET /javascripts/bootstrap.js [36m304 [0m3.542 ms - -[0m
[0mGET /stylesheets/style.css [36m304 [0m18.051 ms - -[0m
[0mGET /javascripts/main.js [36m304 [0m10.914 ms - -[0m
[0mGET /Video [32m200 [0m34.046 ms - 1755[0m
[0mGET /stylesheets/bootstrap.css [36m304 [0m2.837 ms - -[0m
[0mGET /javascripts/bootstrap.js [36m304 [0m2.549 ms - -[0m
[0mGET /javascripts/main.js [36m304 [0m1.588 ms - -[0m
[0mGET /stylesheets/style.css [36m304 [0m13.076 ms - -[0m
[0mGET /Video [36m304 [0m49.478 ms - -[0m
[0mGET /stylesheets/bootstrap.css [36m304 [0m4.377 ms - -[0m
[0mGET /javascripts/bootstrap.js [36m304 [0m1.620 ms - -[0m
[0mGET /javascripts/main.js [36m304 [0m1.151 ms - -[0m
[0mGET /stylesheets/style.css [36m304 [0m12.378 ms - -[0m
[0mGET / [36m304 [0m35.399 ms - -[0m
[0mGET /stylesheets/bootstrap.css [36m304 [0m14.209 ms - -[0m
[0mGET /javascripts/bootstrap.js [36m304 [0m3.645 ms - -[0m
[0mGET /javascripts/main.js [36m304 [0m2.185 ms - -[0m
[0mGET /stylesheets/style.css [36m304 [0m22.991 ms - -[0m
[0mGET / [32m200 [0m38.834 ms - 1499[0m
[0mGET /javascripts/bootstrap.js [36m304 [0m0.849 ms - -[0m
[0mGET /javascripts/main.js [36m304 [0m0.909 ms - -[0m
[0mGET /stylesheets/bootstrap.css [36m304 [0m19.998 ms - -[0m
[0mGET /stylesheets/style.css [36m304 [0m19.656 ms - -[0m
[0mGET /Video [36m304 [0m32.374 ms - -[0m
[0mGET /stylesheets/bootstrap.css [36m304 [0m6.074 ms - -[0m
[0mGET /stylesheets/style.css [36m304 [0m7.271 ms - -[0m
[0mGET /javascripts/bootstrap.js [36m304 [0m1.887 ms - -[0m
[0mGET /javascripts/main.js [36m304 [0m1.507 ms - -[0m
[0mGET /Code [36m304 [0m52.080 ms - -[0m
[0mGET /stylesheets/bootstrap.css [36m304 [0m4.003 ms - -[0m
[0mGET /stylesheets/style.css [36m304 [0m3.959 ms - -[0m
[0mGET /javascripts/bootstrap.js [36m304 [0m2.241 ms - -[0m
[0mGET /javascripts/main.js [36m304 [0m2.172 ms - -[0m
[0mGET / [36m304 [0m43.138 ms - -[0m
[0mGET /javascripts/bootstrap.js [36m304 [0m3.362 ms - -[0m
[0mGET /javascripts/main.js [36m304 [0m3.470 ms - -[0m
[0mGET /stylesheets/style.css [36m304 [0m10.342 ms - -[0m
[0mGET /stylesheets/bootstrap.css [36m304 [0m17.328 ms - -[0m
[0mGET /Video [36m304 [0m42.893 ms - -[0m
[0mGET /javascripts/bootstrap.js [36m304 [0m1.763 ms - -[0m
[0mGET /javascripts/main.js [36m304 [0m1.465 ms - -[0m
[0mGET /stylesheets/bootstrap.css [36m304 [0m16.908 ms - -[0m
[0mGET /stylesheets/style.css [36m304 [0m13.454 ms - -[0m
[0mGET /Code [36m304 [0m85.163 ms - -[0m
[0mGET /stylesheets/style.css [36m304 [0m4.251 ms - -[0m
[0mGET /stylesheets/bootstrap.css [36m304 [0m7.585 ms - -[0m
[0mGET /javascripts/bootstrap.js [36m304 [0m1.642 ms - -[0m
[0mGET /javascripts/main.js [36m304 [0m1.204 ms - -[0m
[0mGET /About [32m200 [0m39.976 ms - 1531[0m
[0mGET /javascripts/bootstrap.js [36m304 [0m10.265 ms - -[0m
[0mGET /javascripts/main.js [36m304 [0m1.694 ms - -[0m
[0mGET /stylesheets/style.css [36m304 [0m17.591 ms - -[0m
[0mGET /stylesheets/bootstrap.css [36m304 [0m19.282 ms - -[0m
[0mGET /Code [36m304 [0m37.099 ms - -[0m
[0mGET /stylesheets/bootstrap.css [36m304 [0m5.313 ms - -[0m
[0mGET /stylesheets/style.css [36m304 [0m4.794 ms - -[0m
[0mGET /javascripts/bootstrap.js [36m304 [0m3.533 ms - -[0m
[0mGET /javascripts/main.js [36m304 [0m1.529 ms - -[0m
[0mGET /Code [36m304 [0m43.097 ms - -[0m
[0mGET /javascripts/bootstrap.js [36m304 [0m11.007 ms - -[0m
[0mGET /javascripts/main.js [36m304 [0m6.166 ms - -[0m
[0mGET /stylesheets/style.css [32m200 [0m1963.500 ms - 1044[0m
[0mGET /stylesheets/bootstrap.css [36m304 [0m1975.030 ms - -[0m
[0mGET /stylesheets/style.css?livereload=1441728801609 [32m200 [0m755.167 ms - 1044[0m
[0mGET /Code [36m304 [0m53.861 ms - -[0m
[0mGET /javascripts/bootstrap.js [36m304 [0m11.976 ms - -[0m
[0mGET /javascripts/main.js [36m304 [0m2.254 ms - -[0m
[0mGET /stylesheets/style.css [32m200 [0m2172.890 ms - 1023[0m
[0mGET /stylesheets/bootstrap.css [36m304 [0m2188.215 ms - -[0m
[0mGET /stylesheets/style.css?livereload=1441728830621 [32m200 [0m743.424 ms - 1023[0m
[0mGET /Code [36m304 [0m37.822 ms - -[0m
[0mGET /javascripts/bootstrap.js [36m304 [0m6.647 ms - -[0m
[0mGET /javascripts/main.js [36m304 [0m1.732 ms - -[0m
[0mGET /stylesheets/style.css [36m304 [0m22.667 ms - -[0m
[0mGET /stylesheets/bootstrap.css [36m304 [0m1056.402 ms - -[0m
[0mGET /stylesheets/style.css?livereload=1441728864651 [32m200 [0m10.063 ms - 1043[0m
[0mGET /Code [36m304 [0m67.080 ms - -[0m
[0mGET /javascripts/bootstrap.js [36m304 [0m17.172 ms - -[0m
[0mGET /javascripts/main.js [36m304 [0m13.369 ms - -[0m
[0mGET /stylesheets/bootstrap.css [36m304 [0m2065.682 ms - -[0m
[0mGET /stylesheets/style.css [32m200 [0m2066.744 ms - 1043[0m
[0mGET /stylesheets/style.css?livereload=1441728876657 [32m200 [0m875.455 ms - 1043[0m
[0mGET /Code [36m304 [0m32.636 ms - -[0m
[0mGET /javascripts/bootstrap.js [36m304 [0m9.396 ms - -[0m
[0mGET /javascripts/main.js [36m304 [0m7.779 ms - -[0m
[0mGET /stylesheets/bootstrap.css [36m304 [0m1884.046 ms - -[0m
[0mGET /stylesheets/style.css [32m200 [0m1891.754 ms - 1064[0m
[0mGET /Code [36m304 [0m46.292 ms - -[0m
[0mGET /javascripts/bootstrap.js [36m304 [0m23.080 ms - -[0m
[0mGET /javascripts/main.js [36m304 [0m30.148 ms - -[0m
[0mGET /stylesheets/bootstrap.css [36m304 [0m2011.365 ms - -[0m
[0mGET /stylesheets/style.css [32m200 [0m2011.401 ms - 1065[0m
[0mGET /stylesheets/style.css?livereload=1441728916682 [32m200 [0m3.624 ms - 1065[0m
[0mGET /Video [36m304 [0m32.696 ms - -[0m
[0mGET /javascripts/bootstrap.js [36m304 [0m2.307 ms - -[0m
[0mGET /javascripts/main.js [36m304 [0m0.779 ms - -[0m
[0mGET /stylesheets/bootstrap.css [36m304 [0m20.191 ms - -[0m
[0mGET /stylesheets/style.css [36m304 [0m19.262 ms - -[0m
[0mGET / [36m304 [0m32.135 ms - -[0m
[0mGET /javascripts/bootstrap.js [36m304 [0m0.784 ms - -[0m
[0mGET /javascripts/main.js [36m304 [0m0.888 ms - -[0m
[0mGET /stylesheets/style.css [36m304 [0m6.577 ms - -[0m
[0mGET /stylesheets/bootstrap.css [36m304 [0m8.542 ms - -[0m
[0mGET /Video [36m304 [0m36.440 ms - -[0m
[0mGET /javascripts/bootstrap.js [36m304 [0m1.834 ms - -[0m
[0mGET /javascripts/main.js [36m304 [0m4.527 ms - -[0m
[0mGET /stylesheets/bootstrap.css [36m304 [0m13.928 ms - -[0m
[0mGET /stylesheets/style.css [36m304 [0m13.501 ms - -[0m
[0mGET / [36m304 [0m35.158 ms - -[0m
[0mGET /stylesheets/bootstrap.css [36m304 [0m3.717 ms - -[0m
[0mGET /javascripts/bootstrap.js [36m304 [0m0.567 ms - -[0m
[0mGET /javascripts/main.js [36m304 [0m0.613 ms - -[0m
[0mGET /stylesheets/style.css [36m304 [0m7.116 ms - -[0m
[0mGET /Video [36m304 [0m26.689 ms - -[0m
[0mGET /javascripts/bootstrap.js [36m304 [0m8.508 ms - -[0m
[0mGET /javascripts/main.js [36m304 [0m1.778 ms - -[0m
[0mGET /stylesheets/bootstrap.css [36m304 [0m15.432 ms - -[0m
[0mGET /stylesheets/style.css [36m304 [0m15.336 ms - -[0m
[0mGET /Code [36m304 [0m42.553 ms - -[0m
[0mGET /stylesheets/bootstrap.css [36m304 [0m5.389 ms - -[0m
[0mGET /stylesheets/style.css [36m304 [0m5.423 ms - -[0m
[0mGET /javascripts/bootstrap.js [36m304 [0m3.609 ms - -[0m
[0mGET /javascripts/main.js [36m304 [0m0.571 ms - -[0m
[0mGET / [36m304 [0m46.576 ms - -[0m
[0mGET /javascripts/bootstrap.js [36m304 [0m1.293 ms - -[0m
[0mGET /javascripts/main.js [36m304 [0m3.303 ms - -[0m
[0mGET /stylesheets/style.css [36m304 [0m8.493 ms - -[0m
[0mGET /stylesheets/bootstrap.css [36m304 [0m11.441 ms - -[0m
[0mGET /Video [36m304 [0m45.444 ms - -[0m
[0mGET /javascripts/bootstrap.js [36m304 [0m1.865 ms - -[0m
[0mGET /javascripts/main.js [36m304 [0m1.610 ms - -[0m
[0mGET /stylesheets/bootstrap.css [36m304 [0m16.043 ms - -[0m
[0mGET /stylesheets/style.css [36m304 [0m15.746 ms - -[0m
[0mGET /Code [36m304 [0m46.267 ms - -[0m
[0mGET /stylesheets/bootstrap.css [36m304 [0m5.772 ms - -[0m
[0mGET /stylesheets/style.css [36m304 [0m5.440 ms - -[0m
[0mGET /javascripts/bootstrap.js [36m304 [0m0.593 ms - -[0m
[0mGET /javascripts/main.js [36m304 [0m0.529 ms - -[0m
[0mGET /Video [36m304 [0m44.866 ms - -[0m
[0mGET /javascripts/bootstrap.js [36m304 [0m0.762 ms - -[0m
[0mGET /javascripts/main.js [36m304 [0m1.749 ms - -[0m
[0mGET /stylesheets/bootstrap.css [36m304 [0m9.772 ms - -[0m
[0mGET /stylesheets/style.css [36m304 [0m8.494 ms - -[0m
[0mGET / [36m304 [0m33.590 ms - -[0m
[0mGET /javascripts/bootstrap.js [36m304 [0m2.194 ms - -[0m
[0mGET /javascripts/main.js [36m304 [0m1.664 ms - -[0m
[0mGET /stylesheets/bootstrap.css [36m304 [0m9.409 ms - -[0m
[0mGET /stylesheets/style.css [36m304 [0m8.755 ms - -[0m
[0mGET /About [36m304 [0m38.364 ms - -[0m
[0mGET /stylesheets/bootstrap.css [36m304 [0m4.274 ms - -[0m
[0mGET /javascripts/bootstrap.js [36m304 [0m1.371 ms - -[0m
[0mGET /javascripts/main.js [36m304 [0m1.540 ms - -[0m
[0mGET /stylesheets/style.css [36m304 [0m8.765 ms - -[0m
[0mGET /Contact [32m200 [0m38.479 ms - 1536[0m
[0mGET /javascripts/bootstrap.js [36m304 [0m1.233 ms - -[0m
[0mGET /stylesheets/bootstrap.css [36m304 [0m5.479 ms - -[0m
[0mGET /stylesheets/style.css [36m304 [0m5.253 ms - -[0m
[0mGET /javascripts/main.js [36m304 [0m0.598 ms - -[0m
[0mGET / [36m304 [0m38.496 ms - -[0m
[0mGET /stylesheets/bootstrap.css [36m304 [0m2.449 ms - -[0m
[0mGET /javascripts/bootstrap.js [36m304 [0m0.814 ms - -[0m
[0mGET /javascripts/main.js [36m304 [0m1.451 ms - -[0m
[0mGET /stylesheets/style.css [36m304 [0m7.715 ms - -[0m
[0mGET /About [36m304 [0m37.054 ms - -[0m
[0mGET /stylesheets/bootstrap.css [36m304 [0m4.525 ms - -[0m
[0mGET /stylesheets/style.css [36m304 [0m4.333 ms - -[0m
[0mGET /javascripts/bootstrap.js [36m304 [0m4.380 ms - -[0m
[0mGET /javascripts/main.js [36m304 [0m0.409 ms - -[0m
[0mGET / [36m304 [0m38.680 ms - -[0m
[0mGET /stylesheets/bootstrap.css [36m304 [0m5.481 ms - -[0m
[0mGET /stylesheets/style.css [36m304 [0m6.238 ms - -[0m
[0mGET /javascripts/bootstrap.js [36m304 [0m0.678 ms - -[0m
[0mGET /javascripts/main.js [36m304 [0m0.626 ms - -[0m
[0mGET /Video [36m304 [0m38.284 ms - -[0m
[0mGET /javascripts/bootstrap.js [36m304 [0m1.026 ms - -[0m
[0mGET /stylesheets/bootstrap.css [36m304 [0m6.442 ms - -[0m
[0mGET /javascripts/main.js [36m304 [0m0.709 ms - -[0m
[0mGET /stylesheets/style.css [36m304 [0m7.680 ms - -[0m
[0mGET /Code [36m304 [0m46.973 ms - -[0m
[0mGET /stylesheets/bootstrap.css [36m304 [0m3.930 ms - -[0m
[0mGET /stylesheets/style.css [36m304 [0m5.105 ms - -[0m
[0mGET /javascripts/bootstrap.js [36m304 [0m2.511 ms - -[0m
[0mGET /javascripts/main.js [36m304 [0m3.624 ms - -[0m
[0mGET /About [36m304 [0m27.048 ms - -[0m
[0mGET /stylesheets/bootstrap.css [36m304 [0m4.269 ms - -[0m
[0mGET /javascripts/bootstrap.js [36m304 [0m1.459 ms - -[0m
[0mGET /javascripts/main.js [36m304 [0m0.517 ms - -[0m
[0mGET /stylesheets/style.css [36m304 [0m6.840 ms - -[0m
[0mGET /Contact [36m304 [0m22.282 ms - -[0m
[0mGET /javascripts/bootstrap.js [36m304 [0m0.885 ms - -[0m
[0mGET /javascripts/main.js [36m304 [0m0.685 ms - -[0m
[0mGET /stylesheets/bootstrap.css [36m304 [0m9.993 ms - -[0m
[0mGET /stylesheets/style.css [36m304 [0m8.754 ms - -[0m
[0mGET / [36m304 [0m30.781 ms - -[0m
[0mGET /javascripts/bootstrap.js [36m304 [0m1.544 ms - -[0m
[0mGET /stylesheets/style.css [36m304 [0m5.653 ms - -[0m
[0mGET /stylesheets/bootstrap.css [36m304 [0m7.114 ms - -[0m
[0mGET /javascripts/main.js [36m304 [0m3.075 ms - -[0m
[0mGET /Video [36m304 [0m34.450 ms - -[0m
[0mGET /javascripts/bootstrap.js [36m304 [0m2.914 ms - -[0m
[0mGET /javascripts/main.js [36m304 [0m1.932 ms - -[0m
[0mGET /stylesheets/bootstrap.css [36m304 [0m9.368 ms - -[0m
[0mGET /stylesheets/style.css [36m304 [0m9.351 ms - -[0m
[0mGET / [36m304 [0m20.588 ms - -[0m
[0mGET /javascripts/bootstrap.js [36m304 [0m1.513 ms - -[0m
[0mGET /stylesheets/style.css [36m304 [0m6.015 ms - -[0m
[0mGET /stylesheets/bootstrap.css [36m304 [0m8.326 ms - -[0m
[0mGET /javascripts/main.js [36m304 [0m2.487 ms - -[0m
[0mGET /Code [36m304 [0m38.415 ms - -[0m
[0mGET /stylesheets/style.css [36m304 [0m4.035 ms - -[0m
[0mGET /stylesheets/bootstrap.css [36m304 [0m6.029 ms - -[0m
[0mGET /javascripts/bootstrap.js [36m304 [0m1.597 ms - -[0m
[0mGET /javascripts/main.js [36m304 [0m1.932 ms - -[0m
[0mGET / [36m304 [0m32.395 ms - -[0m
[0mGET /javascripts/bootstrap.js [36m304 [0m4.195 ms - -[0m
[0mGET /javascripts/main.js [36m304 [0m2.456 ms - -[0m
[0mGET /stylesheets/bootstrap.css [36m304 [0m11.054 ms - -[0m
[0mGET /stylesheets/style.css [36m304 [0m9.671 ms - -[0m
[0mGET /Video [36m304 [0m27.435 ms - -[0m
[0mGET /stylesheets/bootstrap.css [36m304 [0m6.806 ms - -[0m
[0mGET /stylesheets/style.css [36m304 [0m6.618 ms - -[0m
[0mGET /javascripts/bootstrap.js [36m304 [0m1.359 ms - -[0m
[0mGET /javascripts/main.js [36m304 [0m2.628 ms - -[0m
[0mGET /Video [36m304 [0m35.854 ms - -[0m
[0mGET /javascripts/bootstrap.js [36m304 [0m1.450 ms - -[0m
[0mGET /stylesheets/style.css [36m304 [0m10.784 ms - -[0m
[0mGET /stylesheets/bootstrap.css [36m304 [0m15.506 ms - -[0m
[0mGET /javascripts/main.js [36m304 [0m3.089 ms - -[0m
[0mGET / [32m200 [0m20.235 ms - 1581[0m
[0mGET /javascripts/bootstrap.js [36m304 [0m1.504 ms - -[0m
[0mGET /javascripts/main.js [36m304 [0m1.820 ms - -[0m
[0mGET /stylesheets/bootstrap.css [36m304 [0m9.718 ms - -[0m
[0mGET /stylesheets/style.css [36m304 [0m9.482 ms - -[0m
[0mGET /Video [36m304 [0m35.068 ms - -[0m
[0mGET /javascripts/bootstrap.js [36m304 [0m1.477 ms - -[0m
[0mGET /javascripts/main.js [36m304 [0m1.297 ms - -[0m
[0mGET /stylesheets/bootstrap.css [36m304 [0m9.423 ms - -[0m
[0mGET /stylesheets/style.css [36m304 [0m8.643 ms - -[0m
[0mGET /Video [36m304 [0m33.943 ms - -[0m
[0mGET /stylesheets/bootstrap.css [36m304 [0m3.034 ms - -[0m
[0mGET /stylesheets/style.css [36m304 [0m3.486 ms - -[0m
[0mGET /javascripts/bootstrap.js [36m304 [0m1.086 ms - -[0m
[0mGET /javascripts/main.js [36m304 [0m1.188 ms - -[0m
[0mGET / [32m200 [0m22.911 ms - 1691[0m
[0mGET /javascripts/bootstrap.js [36m304 [0m2.185 ms - -[0m
[0mGET /javascripts/main.js [36m304 [0m1.961 ms - -[0m
[0mGET /stylesheets/bootstrap.css [36m304 [0m9.221 ms - -[0m
[0mGET /stylesheets/style.css [36m304 [0m9.075 ms - -[0m
[0mGET /Video [36m304 [0m36.518 ms - -[0m
[0mGET /stylesheets/bootstrap.css [36m304 [0m6.275 ms - -[0m
[0mGET /javascripts/bootstrap.js [36m304 [0m0.778 ms - -[0m
[0mGET /javascripts/main.js [36m304 [0m1.094 ms - -[0m
[0mGET /stylesheets/style.css [36m304 [0m8.004 ms - -[0m
[0mGET /Video [36m304 [0m43.064 ms - -[0m
[0mGET /stylesheets/bootstrap.css [36m304 [0m2.725 ms - -[0m
[0mGET /stylesheets/style.css [36m304 [0m3.091 ms - -[0m
[0mGET /javascripts/bootstrap.js [36m304 [0m1.156 ms - -[0m
[0mGET /javascripts/main.js [36m304 [0m1.236 ms - -[0m
[0mGET / [32m200 [0m31.388 ms - 1760[0m
[0mGET /stylesheets/bootstrap.css [36m304 [0m3.946 ms - -[0m
[0mGET /stylesheets/style.css [36m304 [0m4.062 ms - -[0m
[0mGET /javascripts/bootstrap.js [36m304 [0m1.287 ms - -[0m
[0mGET /javascripts/main.js [36m304 [0m1.457 ms - -[0m
[0mGET /Video [36m304 [0m35.370 ms - -[0m
[0mGET /stylesheets/bootstrap.css [36m304 [0m3.777 ms - -[0m
[0mGET /stylesheets/style.css [36m304 [0m3.583 ms - -[0m
[0mGET /javascripts/bootstrap.js [36m304 [0m1.245 ms - -[0m
[0mGET /javascripts/main.js [36m304 [0m0.576 ms - -[0m
[0mGET /Code [36m304 [0m34.683 ms - -[0m
[0mGET /stylesheets/bootstrap.css [36m304 [0m7.475 ms - -[0m
[0mGET /stylesheets/style.css [36m304 [0m5.169 ms - -[0m
[0mGET /javascripts/bootstrap.js [36m304 [0m1.614 ms - -[0m
[0mGET /javascripts/main.js [36m304 [0m1.436 ms - -[0m
[0mGET /About [36m304 [0m26.126 ms - -[0m
[0mGET /javascripts/bootstrap.js [36m304 [0m1.965 ms - -[0m
[0mGET /javascripts/main.js [36m304 [0m2.295 ms - -[0m
[0mGET /stylesheets/bootstrap.css [36m304 [0m9.791 ms - -[0m
[0mGET /stylesheets/style.css [36m304 [0m9.343 ms - -[0m
[0mGET /Contact [36m304 [0m24.810 ms - -[0m
[0mGET /javascripts/bootstrap.js [36m304 [0m1.552 ms - -[0m
[0mGET /javascripts/main.js [36m304 [0m1.647 ms - -[0m
[0mGET /stylesheets/bootstrap.css [36m304 [0m7.602 ms - -[0m
[0mGET /stylesheets/style.css [36m304 [0m7.411 ms - -[0m
[0mGET /Video [36m304 [0m25.804 ms - -[0m
[0mGET /javascripts/bootstrap.js [36m304 [0m3.867 ms - -[0m
[0mGET /javascripts/main.js [36m304 [0m4.220 ms - -[0m
[0mGET /stylesheets/style.css [36m304 [0m14.499 ms - -[0m
[0mGET /stylesheets/bootstrap.css [36m304 [0m20.606 ms - -[0m
[0mGET / [36m304 [0m47.280 ms - -[0m
[0mGET /javascripts/bootstrap.js [36m304 [0m1.595 ms - -[0m
[0mGET /javascripts/main.js [36m304 [0m1.634 ms - -[0m
[0mGET /stylesheets/bootstrap.css [36m304 [0m10.116 ms - -[0m
[0mGET /stylesheets/style.css [36m304 [0m9.959 ms - -[0m
[0mGET / [32m200 [0m45.528 ms - 1832[0m
[0mGET /stylesheets/bootstrap.css [36m304 [0m4.496 ms - -[0m
[0mGET /stylesheets/style.css [36m304 [0m4.545 ms - -[0m
[0mGET /javascripts/bootstrap.js [36m304 [0m0.611 ms - -[0m
[0mGET /javascripts/main.js [36m304 [0m0.571 ms - -[0m
[0mGET / [36m304 [0m25.523 ms - -[0m
[0mGET /stylesheets/bootstrap.css [36m304 [0m3.142 ms - -[0m
[0mGET /stylesheets/style.css [36m304 [0m3.806 ms - -[0m
[0mGET /javascripts/bootstrap.js [36m304 [0m0.573 ms - -[0m
[0mGET /javascripts/main.js [36m304 [0m0.483 ms - -[0m
[0mGET / [32m200 [0m29.658 ms - 1863[0m
[0mGET /stylesheets/bootstrap.css [36m304 [0m4.817 ms - -[0m
[0mGET /stylesheets/style.css [36m304 [0m3.781 ms - -[0m
[0mGET /javascripts/bootstrap.js [36m304 [0m0.429 ms - -[0m
[0mGET /javascripts/main.js [36m304 [0m0.608 ms - -[0m
[0mGET / [36m304 [0m45.265 ms - -[0m
[0mGET /stylesheets/style.css [36m304 [0m3.753 ms - -[0m
[0mGET /javascripts/bootstrap.js [36m304 [0m2.947 ms - -[0m
[0mGET /javascripts/main.js [36m304 [0m0.896 ms - -[0m
[0mGET /stylesheets/bootstrap.css [36m304 [0m942.069 ms - -[0m
[0mGET /stylesheets/style.css?livereload=1441729644469 [32m200 [0m4.902 ms - 1107[0m
[0mGET / [36m304 [0m29.835 ms - -[0m
[0mGET /javascripts/bootstrap.js [36m304 [0m2.019 ms - -[0m
[0mGET /javascripts/main.js [36m304 [0m8.019 ms - -[0m
[0mGET /stylesheets/style.css [32m200 [0m24.812 ms - 1107[0m
[0mGET /stylesheets/bootstrap.css [36m304 [0m981.465 ms - -[0m
[0mGET /stylesheets/style.css?livereload=1441729660490 [32m200 [0m4.738 ms - 1141[0m
[0mGET / [32m200 [0m51.271 ms - 1879[0m
[0mGET /stylesheets/bootstrap.css [36m304 [0m4.835 ms - -[0m
[0mGET /javascripts/bootstrap.js [36m304 [0m0.946 ms - -[0m
[0mGET /stylesheets/style.css [32m200 [0m8.380 ms - 1141[0m
[0mGET /javascripts/main.js [36m304 [0m5.450 ms - -[0m
[0mGET / [36m304 [0m42.139 ms - -[0m
[0mGET /javascripts/bootstrap.js [36m304 [0m1.766 ms - -[0m
[0mGET /javascripts/main.js [36m304 [0m1.423 ms - -[0m
[0mGET /stylesheets/style.css [32m200 [0m2079.560 ms - 1178[0m
[0mGET /stylesheets/bootstrap.css [36m304 [0m2096.057 ms - -[0m
[0mGET /stylesheets/style.css?livereload=1441729699526 [32m200 [0m3.737 ms - 1178[0m
[0mGET / [32m200 [0m39.548 ms - 1918[0m
[0mGET /stylesheets/bootstrap.css [36m304 [0m3.643 ms - -[0m
[0mGET /stylesheets/style.css [36m304 [0m3.283 ms - -[0m
[0mGET /javascripts/bootstrap.js [36m304 [0m0.700 ms - -[0m
[0mGET /javascripts/main.js [36m304 [0m0.558 ms - -[0m
[0mGET / [36m304 [0m40.262 ms - -[0m
[0mGET /javascripts/bootstrap.js [36m304 [0m7.942 ms - -[0m
[0mGET /javascripts/main.js [36m304 [0m2.615 ms - -[0m
[0mGET /stylesheets/style.css [36m304 [0m12.533 ms - -[0m
[0mGET /stylesheets/bootstrap.css [36m304 [0m969.521 ms - -[0m
[0mGET /stylesheets/style.css?livereload=1441729797636 [32m200 [0m4.699 ms - 1178[0m
[0mGET / [36m304 [0m34.273 ms - -[0m
[0mGET /javascripts/bootstrap.js [36m304 [0m1.951 ms - -[0m
[0mGET /javascripts/main.js [36m304 [0m2.046 ms - -[0m
[0mGET /stylesheets/style.css [32m200 [0m12.904 ms - 1178[0m
[0mGET /stylesheets/bootstrap.css [36m304 [0m1027.004 ms - -[0m
[0mGET /stylesheets/style.css?livereload=1441729828676 [32m200 [0m5.098 ms - 1226[0m
[0mGET / [36m304 [0m39.538 ms - -[0m
[0mGET /javascripts/bootstrap.js [36m304 [0m28.833 ms - -[0m
[0mGET /javascripts/main.js [36m304 [0m1.220 ms - -[0m
[0mGET /stylesheets/bootstrap.css [36m304 [0m2005.532 ms - -[0m
[0mGET /stylesheets/style.css [32m200 [0m2006.191 ms - 1247[0m
[0mGET /stylesheets/style.css?livereload=1441729878742 [32m200 [0m859.849 ms - 1247[0m
[0mGET /Video [36m304 [0m22.292 ms - -[0m
[0mGET /javascripts/bootstrap.js [36m304 [0m2.928 ms - -[0m
[0mGET /javascripts/main.js [36m304 [0m2.325 ms - -[0m
[0mGET /stylesheets/bootstrap.css [36m304 [0m10.508 ms - -[0m
[0mGET /stylesheets/style.css [36m304 [0m10.641 ms - -[0m
[0mGET /Code [36m304 [0m28.822 ms - -[0m
[0mGET /stylesheets/bootstrap.css [36m304 [0m2.876 ms - -[0m
[0mGET /stylesheets/style.css [36m304 [0m3.531 ms - -[0m
[0mGET /javascripts/bootstrap.js [36m304 [0m3.877 ms - -[0m
[0mGET /javascripts/main.js [36m304 [0m1.633 ms - -[0m
[0mGET /About [36m304 [0m38.103 ms - -[0m
[0mGET /javascripts/main.js [36m304 [0m2.055 ms - -[0m
[0mGET /javascripts/bootstrap.js [36m304 [0m2.157 ms - -[0m
[0mGET /stylesheets/bootstrap.css [36m304 [0m6.200 ms - -[0m
[0mGET /stylesheets/style.css [36m304 [0m6.282 ms - -[0m
[0mGET / [36m304 [0m24.269 ms - -[0m
[0mGET /stylesheets/bootstrap.css [36m304 [0m2.975 ms - -[0m
[0mGET /javascripts/bootstrap.js [36m304 [0m1.390 ms - -[0m
[0mGET /javascripts/main.js [36m304 [0m2.064 ms - -[0m
[0mGET /stylesheets/style.css [36m304 [0m7.297 ms - -[0m
[0mGET /Video [36m304 [0m22.428 ms - -[0m
[0mGET /stylesheets/bootstrap.css [36m304 [0m2.989 ms - -[0m
[0mGET /javascripts/bootstrap.js [36m304 [0m0.787 ms - -[0m
[0mGET /javascripts/main.js [36m304 [0m0.571 ms - -[0m
[0mGET /stylesheets/style.css [36m304 [0m7.092 ms - -[0m
[0mGET /Code [36m304 [0m54.469 ms - -[0m
[0mGET /stylesheets/bootstrap.css [36m304 [0m8.129 ms - -[0m
[0mGET /stylesheets/style.css [36m304 [0m6.488 ms - -[0m
[0mGET /javascripts/bootstrap.js [36m304 [0m3.097 ms - -[0m
[0mGET /javascripts/main.js [36m304 [0m3.004 ms - -[0m
[0mGET / [36m304 [0m38.794 ms - -[0m
[0mGET /javascripts/bootstrap.js [36m304 [0m2.586 ms - -[0m
[0mGET /javascripts/main.js [36m304 [0m1.420 ms - -[0m
[0mGET /stylesheets/style.css [36m304 [0m6.240 ms - -[0m
[0mGET /stylesheets/bootstrap.css [36m304 [0m7.981 ms - -[0m
[0mGET / [36m304 [0m29.394 ms - -[0m
[0mGET /javascripts/bootstrap.js [36m304 [0m11.115 ms - -[0m
[0mGET /javascripts/main.js [36m304 [0m10.065 ms - -[0m
[0mGET /stylesheets/bootstrap.css [36m304 [0m2204.787 ms - -[0m
[0mGET /stylesheets/style.css [32m200 [0m2236.562 ms - 1271[0m
[0mGET /stylesheets/style.css?livereload=1441729916768 [32m200 [0m812.590 ms - 1271[0m
[0mGET /Video [36m304 [0m28.325 ms - -[0m
[0mGET /stylesheets/bootstrap.css [36m304 [0m4.575 ms - -[0m
[0mGET /stylesheets/style.css [36m304 [0m4.342 ms - -[0m
[0mGET /javascripts/bootstrap.js [36m304 [0m0.359 ms - -[0m
[0mGET /javascripts/main.js [36m304 [0m0.401 ms - -[0m
[0mGET /Code [36m304 [0m27.515 ms - -[0m
[0mGET /stylesheets/bootstrap.css [36m304 [0m2.703 ms - -[0m
[0mGET /stylesheets/style.css [36m304 [0m3.140 ms - -[0m
[0mGET /javascripts/bootstrap.js [36m304 [0m1.333 ms - -[0m
[0mGET /javascripts/main.js [36m304 [0m1.199 ms - -[0m
[0mGET /Contact [36m304 [0m29.287 ms - -[0m
[0mGET /stylesheets/bootstrap.css [36m304 [0m3.794 ms - -[0m
[0mGET /stylesheets/style.css [36m304 [0m3.493 ms - -[0m
[0mGET /javascripts/bootstrap.js [36m304 [0m0.550 ms - -[0m
[0mGET /javascripts/main.js [36m304 [0m0.748 ms - -[0m
[0mGET / [36m304 [0m38.025 ms - -[0m
[0mGET /stylesheets/bootstrap.css [36m304 [0m14.646 ms - -[0m
[0mGET /javascripts/bootstrap.js [36m304 [0m1.216 ms - -[0m
[0mGET /javascripts/main.js [36m304 [0m1.288 ms - -[0m
[0mGET /stylesheets/style.css [36m304 [0m17.642 ms - -[0m
[0mGET / [36m304 [0m46.379 ms - -[0m
[0mGET /javascripts/bootstrap.js [36m304 [0m1.086 ms - -[0m
[0mGET /javascripts/main.js [36m304 [0m1.646 ms - -[0m
[0mGET /stylesheets/bootstrap.css [36m304 [0m2220.933 ms - -[0m
[0mGET /stylesheets/style.css [32m200 [0m2243.551 ms - 1270[0m
[0mGET /stylesheets/style.css?livereload=1441729940791 [32m200 [0m751.549 ms - 1270[0m
[0mGET /Video [36m304 [0m39.029 ms - -[0m
[0mGET /javascripts/bootstrap.js [36m304 [0m1.596 ms - -[0m
[0mGET /stylesheets/bootstrap.css [36m304 [0m14.887 ms - -[0m
[0mGET /stylesheets/style.css [36m304 [0m14.065 ms - -[0m
[0mGET /javascripts/main.js [36m304 [0m2.525 ms - -[0m
[0mGET /Code [36m304 [0m49.491 ms - -[0m
[0mGET /stylesheets/bootstrap.css [36m304 [0m4.896 ms - -[0m
[0mGET /stylesheets/style.css [36m304 [0m4.886 ms - -[0m
[0mGET /javascripts/bootstrap.js [36m304 [0m1.730 ms - -[0m
[0mGET /javascripts/main.js [36m304 [0m1.363 ms - -[0m
[0mGET /About [36m304 [0m46.376 ms - -[0m
[0mGET /stylesheets/bootstrap.css [36m304 [0m5.817 ms - -[0m
[0mGET /javascripts/bootstrap.js [36m304 [0m1.206 ms - -[0m
[0mGET /javascripts/main.js [36m304 [0m1.565 ms - -[0m
[0mGET /stylesheets/style.css [36m304 [0m9.040 ms - -[0m
[0mGET /Contact [36m304 [0m30.300 ms - -[0m
[0mGET /javascripts/bootstrap.js [36m304 [0m1.326 ms - -[0m
[0mGET /javascripts/main.js [36m304 [0m1.354 ms - -[0m
[0mGET /stylesheets/style.css [36m304 [0m7.999 ms - -[0m
[0mGET /stylesheets/bootstrap.css [36m304 [0m9.985 ms - -[0m
[0mGET /About [36m304 [0m51.444 ms - -[0m
[0mGET /javascripts/bootstrap.js [36m304 [0m1.689 ms - -[0m
[0mGET /javascripts/main.js [36m304 [0m1.860 ms - -[0m
[0mGET /stylesheets/bootstrap.css [36m304 [0m8.617 ms - -[0m
[0mGET /stylesheets/style.css [36m304 [0m9.263 ms - -[0m
[0mGET /Code [36m304 [0m36.254 ms - -[0m
[0mGET /stylesheets/bootstrap.css [36m304 [0m13.911 ms - -[0m
[0mGET /stylesheets/style.css [36m304 [0m13.940 ms - -[0m
[0mGET /javascripts/bootstrap.js [36m304 [0m1.187 ms - -[0m
[0mGET /javascripts/main.js [36m304 [0m1.343 ms - -[0m
[0mGET /Video [36m304 [0m35.715 ms - -[0m
[0mGET /javascripts/bootstrap.js [36m304 [0m1.914 ms - -[0m
[0mGET /javascripts/main.js [36m304 [0m1.591 ms - -[0m
[0mGET /stylesheets/style.css [36m304 [0m10.838 ms - -[0m
[0mGET /stylesheets/bootstrap.css [36m304 [0m13.279 ms - -[0m
[0mGET / [36m304 [0m34.172 ms - -[0m
[0mGET /stylesheets/bootstrap.css [36m304 [0m4.535 ms - -[0m
[0mGET /stylesheets/style.css [36m304 [0m4.085 ms - -[0m
[0mGET /javascripts/bootstrap.js [36m304 [0m0.679 ms - -[0m
[0mGET /javascripts/main.js [36m304 [0m0.478 ms - -[0m
[0mGET /Video [36m304 [0m28.652 ms - -[0m
[0mGET /javascripts/bootstrap.js [36m304 [0m1.467 ms - -[0m
[0mGET /javascripts/main.js [36m304 [0m2.128 ms - -[0m
[0mGET /stylesheets/style.css [36m304 [0m7.820 ms - -[0m
[0mGET /stylesheets/bootstrap.css [36m304 [0m10.923 ms - -[0m
[0mGET /Code [36m304 [0m41.956 ms - -[0m
[0mGET /stylesheets/style.css [36m304 [0m6.741 ms - -[0m
[0mGET /stylesheets/bootstrap.css [36m304 [0m8.124 ms - -[0m
[0mGET /javascripts/bootstrap.js [36m304 [0m1.065 ms - -[0m
[0mGET /javascripts/main.js [36m304 [0m0.840 ms - -[0m
[0mGET / [36m304 [0m38.245 ms - -[0m
[0mGET /stylesheets/bootstrap.css [36m304 [0m4.862 ms - -[0m
[0mGET /stylesheets/style.css [36m304 [0m4.506 ms - -[0m
[0mGET /javascripts/bootstrap.js [36m304 [0m1.377 ms - -[0m
[0mGET /javascripts/main.js [36m304 [0m1.052 ms - -[0m
[0mGET /Video [36m304 [0m30.850 ms - -[0m
[0mGET /stylesheets/bootstrap.css [36m304 [0m3.653 ms - -[0m
[0mGET /stylesheets/style.css [36m304 [0m3.596 ms - -[0m
[0mGET /javascripts/bootstrap.js [36m304 [0m1.254 ms - -[0m
[0mGET /javascripts/main.js [36m304 [0m1.623 ms - -[0m
[0mGET /Code [36m304 [0m37.433 ms - -[0m
[0mGET /stylesheets/style.css [36m304 [0m20.767 ms - -[0m
[0mGET /javascripts/bootstrap.js [36m304 [0m2.676 ms - -[0m
[0mGET /javascripts/main.js [36m304 [0m2.799 ms - -[0m
[0mGET /stylesheets/bootstrap.css [36m304 [0m30.633 ms - -[0m
[0mGET /About [36m304 [0m41.631 ms - -[0m
[0mGET /stylesheets/style.css [36m304 [0m2.625 ms - -[0m
[0mGET /stylesheets/bootstrap.css [36m304 [0m5.973 ms - -[0m
[0mGET /javascripts/bootstrap.js [36m304 [0m0.363 ms - -[0m
[0mGET /javascripts/main.js [36m304 [0m0.351 ms - -[0m
[0mGET /Contact [36m304 [0m22.505 ms - -[0m
[0mGET /javascripts/bootstrap.js [36m304 [0m2.147 ms - -[0m
[0mGET /stylesheets/bootstrap.css [36m304 [0m7.980 ms - -[0m
[0mGET /stylesheets/style.css [36m304 [0m7.459 ms - -[0m
[0mGET /javascripts/main.js [36m304 [0m3.125 ms - -[0m
[0mGET / [36m304 [0m29.871 ms - -[0m
[0mGET /stylesheets/bootstrap.css [36m304 [0m3.088 ms - -[0m
[0mGET /javascripts/bootstrap.js [36m304 [0m0.693 ms - -[0m
[0mGET /stylesheets/style.css [36m304 [0m6.522 ms - -[0m
[0mGET /javascripts/main.js [36m304 [0m0.560 ms - -[0m
[0mGET /Video [36m304 [0m37.904 ms - -[0m
[0mGET /javascripts/bootstrap.js [36m304 [0m1.621 ms - -[0m
[0mGET /javascripts/main.js [36m304 [0m1.409 ms - -[0m
[0mGET /stylesheets/bootstrap.css [36m304 [0m7.504 ms - -[0m
[0mGET /stylesheets/style.css [36m304 [0m7.977 ms - -[0m
[0mGET / [36m304 [0m27.722 ms - -[0m
[0mGET /stylesheets/bootstrap.css [36m304 [0m3.653 ms - -[0m
[0mGET /stylesheets/style.css [36m304 [0m3.227 ms - -[0m
[0mGET /javascripts/bootstrap.js [36m304 [0m1.270 ms - -[0m
[0mGET /javascripts/main.js [36m304 [0m0.529 ms - -[0m
[0mGET / [32m200 [0m23.208 ms - 1901[0m
[0mGET /stylesheets/bootstrap.css [36m304 [0m5.601 ms - -[0m
[0mGET /stylesheets/style.css [36m304 [0m4.736 ms - -[0m
[0mGET /javascripts/bootstrap.js [36m304 [0m1.027 ms - -[0m
[0mGET /javascripts/main.js [36m304 [0m1.069 ms - -[0m
[0mGET /Video [36m304 [0m35.219 ms - -[0m
[0mGET /stylesheets/bootstrap.css [36m304 [0m3.691 ms - -[0m
[0mGET /javascripts/bootstrap.js [36m304 [0m2.032 ms - -[0m
[0mGET /javascripts/main.js [36m304 [0m1.859 ms - -[0m
[0mGET /stylesheets/style.css [36m304 [0m7.301 ms - -[0m
[0mGET /Code [36m304 [0m53.869 ms - -[0m
[0mGET /stylesheets/bootstrap.css [36m304 [0m6.361 ms - -[0m
[0mGET /stylesheets/style.css [36m304 [0m5.774 ms - -[0m
[0mGET /javascripts/bootstrap.js [36m304 [0m1.993 ms - -[0m
[0mGET /javascripts/main.js [36m304 [0m2.299 ms - -[0m
[0mGET /About [36m304 [0m31.478 ms - -[0m
[0mGET /javascripts/bootstrap.js [36m304 [0m1.930 ms - -[0m
[0mGET /javascripts/main.js [36m304 [0m1.730 ms - -[0m
[0mGET /stylesheets/bootstrap.css [36m304 [0m16.360 ms - -[0m
[0mGET /stylesheets/style.css [36m304 [0m8.638 ms - -[0m
[0mGET /Contact [36m304 [0m18.819 ms - -[0m
[0mGET /stylesheets/bootstrap.css [36m304 [0m7.542 ms - -[0m
[0mGET /javascripts/bootstrap.js [36m304 [0m2.651 ms - -[0m
[0mGET /javascripts/main.js [36m304 [0m1.099 ms - -[0m
[0mGET /stylesheets/style.css [36m304 [0m13.116 ms - -[0m
[0mGET /About [36m304 [0m37.171 ms - -[0m
[0mGET /javascripts/bootstrap.js [36m304 [0m1.701 ms - -[0m
[0mGET /javascripts/main.js [36m304 [0m2.085 ms - -[0m
[0mGET /stylesheets/bootstrap.css [36m304 [0m8.224 ms - -[0m
[0mGET /stylesheets/style.css [36m304 [0m7.473 ms - -[0m
[0mGET / [36m304 [0m29.497 ms - -[0m
[0mGET /stylesheets/bootstrap.css [36m304 [0m5.475 ms - -[0m
[0mGET /javascripts/bootstrap.js [36m304 [0m0.492 ms - -[0m
[0mGET /javascripts/main.js [36m304 [0m0.802 ms - -[0m
[0mGET /stylesheets/style.css [36m304 [0m9.362 ms - -[0m
[0mGET /Video [36m304 [0m26.329 ms - -[0m
[0mGET /stylesheets/bootstrap.css [36m304 [0m4.017 ms - -[0m
[0mGET /stylesheets/style.css [36m304 [0m4.588 ms - -[0m
[0mGET /javascripts/bootstrap.js [36m304 [0m0.585 ms - -[0m
[0mGET /javascripts/main.js [36m304 [0m0.580 ms - -[0m
[0mGET /Code [36m304 [0m27.965 ms - -[0m
[0mGET /javascripts/bootstrap.js [36m304 [0m8.983 ms - -[0m
[0mGET /javascripts/main.js [36m304 [0m1.183 ms - -[0m
[0mGET /stylesheets/bootstrap.css [36m304 [0m26.375 ms - -[0m
[0mGET /stylesheets/style.css [36m304 [0m16.236 ms - -[0m
[0mGET /About [36m304 [0m34.728 ms - -[0m
[0mGET /stylesheets/bootstrap.css [36m304 [0m5.494 ms - -[0m
[0mGET /stylesheets/style.css [36m304 [0m5.521 ms - -[0m
[0mGET /javascripts/bootstrap.js [36m304 [0m0.983 ms - -[0m
[0mGET /javascripts/main.js [36m304 [0m1.048 ms - -[0m
[0mGET / [36m304 [0m20.666 ms - -[0m
[0mGET /stylesheets/bootstrap.css [36m304 [0m7.448 ms - -[0m
[0mGET /stylesheets/style.css [36m304 [0m7.376 ms - -[0m
[0mGET /javascripts/bootstrap.js [36m304 [0m3.046 ms - -[0m
[0mGET /javascripts/main.js [36m304 [0m2.962 ms - -[0m
[0mGET /About [36m304 [0m33.596 ms - -[0m
[0mGET /javascripts/bootstrap.js [36m304 [0m0.944 ms - -[0m
[0mGET /stylesheets/bootstrap.css [36m304 [0m5.850 ms - -[0m
[0mGET /javascripts/main.js [36m304 [0m1.058 ms - -[0m
[0mGET /stylesheets/style.css [36m304 [0m7.790 ms - -[0m
[0mGET /Contact [36m304 [0m30.281 ms - -[0m
[0mGET /stylesheets/bootstrap.css [36m304 [0m3.650 ms - -[0m
[0mGET /stylesheets/style.css [36m304 [0m3.367 ms - -[0m
[0mGET /javascripts/bootstrap.js [36m304 [0m0.653 ms - -[0m
[0mGET /javascripts/main.js [36m304 [0m0.519 ms - -[0m
[0mGET /About [36m304 [0m37.379 ms - -[0m
[0mGET /javascripts/bootstrap.js [36m304 [0m0.732 ms - -[0m
[0mGET /stylesheets/bootstrap.css [36m304 [0m5.792 ms - -[0m
[0mGET /stylesheets/style.css [36m304 [0m5.211 ms - -[0m
[0mGET /javascripts/main.js [36m304 [0m0.496 ms - -[0m
[0mGET /Code [36m304 [0m39.804 ms - -[0m
[0mGET /stylesheets/bootstrap.css [36m304 [0m3.485 ms - -[0m
[0mGET /stylesheets/style.css [36m304 [0m3.517 ms - -[0m
[0mGET /javascripts/bootstrap.js [36m304 [0m0.615 ms - -[0m
[0mGET /javascripts/main.js [36m304 [0m0.929 ms - -[0m
[0mGET /About [36m304 [0m35.685 ms - -[0m
[0mGET /javascripts/bootstrap.js [36m304 [0m2.986 ms - -[0m
[0mGET /javascripts/main.js [36m304 [0m2.769 ms - -[0m
[0mGET /stylesheets/bootstrap.css [36m304 [0m9.972 ms - -[0m
[0mGET /stylesheets/style.css [36m304 [0m9.669 ms - -[0m
[0mGET /Video [36m304 [0m43.751 ms - -[0m
[0mGET /javascripts/bootstrap.js [36m304 [0m0.746 ms - -[0m
[0mGET /javascripts/main.js [36m304 [0m0.845 ms - -[0m
[0mGET /stylesheets/bootstrap.css [36m304 [0m6.355 ms - -[0m
[0mGET /stylesheets/style.css [36m304 [0m5.737 ms - -[0m
[0mGET / [36m304 [0m30.560 ms - -[0m
[0mGET /javascripts/bootstrap.js [36m304 [0m3.536 ms - -[0m
[0mGET /stylesheets/bootstrap.css [36m304 [0m7.672 ms - -[0m
[0mGET /stylesheets/style.css [36m304 [0m7.283 ms - -[0m
[0mGET /javascripts/main.js [36m304 [0m0.388 ms - -[0m
[0mGET /Contact [36m304 [0m25.145 ms - -[0m
[0mGET /javascripts/bootstrap.js [36m304 [0m1.109 ms - -[0m
[0mGET /stylesheets/bootstrap.css [36m304 [0m4.952 ms - -[0m
[0mGET /stylesheets/style.css [36m304 [0m5.075 ms - -[0m
[0mGET /javascripts/main.js [36m304 [0m0.538 ms - -[0m
[0mGET /About [36m304 [0m23.139 ms - -[0m
[0mGET /stylesheets/bootstrap.css [36m304 [0m3.562 ms - -[0m
[0mGET /stylesheets/style.css [36m304 [0m4.444 ms - -[0m
[0mGET /javascripts/bootstrap.js [36m304 [0m1.143 ms - -[0m
[0mGET /javascripts/main.js [36m304 [0m1.894 ms - -[0m
[0mGET /Code [36m304 [0m45.112 ms - -[0m
[0mGET /stylesheets/bootstrap.css [36m304 [0m3.437 ms - -[0m
[0mGET /stylesheets/style.css [36m304 [0m5.140 ms - -[0m
[0mGET /javascripts/bootstrap.js [36m304 [0m1.120 ms - -[0m
[0mGET /javascripts/main.js [36m304 [0m1.000 ms - -[0m
[0mGET /Contact [36m304 [0m26.482 ms - -[0m
[0mGET /stylesheets/bootstrap.css [36m304 [0m8.465 ms - -[0m
[0mGET /javascripts/bootstrap.js [36m304 [0m2.552 ms - -[0m
[0mGET /javascripts/main.js [36m304 [0m3.349 ms - -[0m
[0mGET /stylesheets/style.css [36m304 [0m9.783 ms - -[0m
[0mGET /Video [36m304 [0m26.666 ms - -[0m
[0mGET /javascripts/bootstrap.js [36m304 [0m1.325 ms - -[0m
[0mGET /javascripts/main.js [36m304 [0m2.134 ms - -[0m
[0mGET /stylesheets/bootstrap.css [36m304 [0m9.019 ms - -[0m
[0mGET /stylesheets/style.css [36m304 [0m8.061 ms - -[0m
[0mGET / [36m304 [0m61.448 ms - -[0m
[0mGET /javascripts/bootstrap.js [36m304 [0m1.451 ms - -[0m
[0mGET /javascripts/main.js [36m304 [0m1.440 ms - -[0m
[0mGET /stylesheets/bootstrap.css [36m304 [0m6.384 ms - -[0m
[0mGET /stylesheets/style.css [36m304 [0m6.097 ms - -[0m
[0mGET /Video [36m304 [0m20.992 ms - -[0m
[0mGET /stylesheets/bootstrap.css [36m304 [0m9.281 ms - -[0m
[0mGET /javascripts/bootstrap.js [36m304 [0m1.619 ms - -[0m
[0mGET /javascripts/main.js [36m304 [0m1.423 ms - -[0m
[0mGET /stylesheets/style.css [36m304 [0m12.002 ms - -[0m
[0mGET /Code [36m304 [0m25.111 ms - -[0m
[0mGET /stylesheets/bootstrap.css [36m304 [0m3.863 ms - -[0m
[0mGET /stylesheets/style.css [36m304 [0m3.358 ms - -[0m
[0mGET /javascripts/bootstrap.js [36m304 [0m0.543 ms - -[0m
[0mGET /javascripts/main.js [36m304 [0m0.534 ms - -[0m
[0mGET /About [36m304 [0m27.217 ms - -[0m
[0mGET /javascripts/bootstrap.js [36m304 [0m0.437 ms - -[0m
[0mGET /javascripts/bootstrap.js [36m304 [0m1.411 ms - -[0m
[0mGET /javascripts/main.js [36m304 [0m1.782 ms - -[0m
[0mGET /stylesheets/bootstrap.css [36m304 [0m7.418 ms - -[0m
[0mGET /stylesheets/style.css [36m304 [0m7.472 ms - -[0m
[0mGET / [36m304 [0m33.670 ms - -[0m
[0mGET /javascripts/bootstrap.js [36m304 [0m1.680 ms - -[0m
[0mGET /javascripts/main.js [36m304 [0m1.190 ms - -[0m
[0mGET /stylesheets/bootstrap.css [36m304 [0m8.884 ms - -[0m
[0mGET /stylesheets/style.css [36m304 [0m9.242 ms - -[0m
[0mGET /About [36m304 [0m32.734 ms - -[0m
[0mGET /javascripts/bootstrap.js [36m304 [0m0.920 ms - -[0m
[0mGET /stylesheets/bootstrap.css [36m304 [0m6.962 ms - -[0m
[0mGET /javascripts/main.js [36m304 [0m0.715 ms - -[0m
[0mGET /stylesheets/style.css [36m304 [0m6.834 ms - -[0m
[0mGET /Contact [36m304 [0m21.097 ms - -[0m
[0mGET /stylesheets/bootstrap.css [36m304 [0m3.506 ms - -[0m
[0mGET /stylesheets/style.css [36m304 [0m6.373 ms - -[0m
[0mGET /javascripts/bootstrap.js [36m304 [0m1.127 ms - -[0m
[0mGET /javascripts/main.js [36m304 [0m1.456 ms - -[0m
[0mGET /About [36m304 [0m22.211 ms - -[0m
[0mGET /stylesheets/bootstrap.css [36m304 [0m5.267 ms - -[0m
[0mGET /stylesheets/style.css [36m304 [0m4.865 ms - -[0m
[0mGET /javascripts/bootstrap.js [36m304 [0m1.855 ms - -[0m
[0mGET /javascripts/main.js [36m304 [0m0.582 ms - -[0m
[0mGET / [36m304 [0m27.547 ms - -[0m
[0mGET /javascripts/bootstrap.js [36m304 [0m0.906 ms - -[0m
[0mGET /javascripts/main.js [36m304 [0m0.974 ms - -[0m
[0mGET /stylesheets/bootstrap.css [36m304 [0m8.350 ms - -[0m
[0mGET /stylesheets/style.css [36m304 [0m8.377 ms - -[0m
[0mGET /Contact [36m304 [0m23.361 ms - -[0m
[0mGET /stylesheets/bootstrap.css [36m304 [0m4.729 ms - -[0m
[0mGET /javascripts/bootstrap.js [36m304 [0m0.469 ms - -[0m
[0mGET /stylesheets/style.css [36m304 [0m4.934 ms - -[0m
[0mGET /javascripts/main.js [36m304 [0m0.642 ms - -[0m
[0mGET /About [36m304 [0m31.774 ms - -[0m
[0mGET /stylesheets/bootstrap.css [36m304 [0m2.578 ms - -[0m
[0mGET /javascripts/bootstrap.js [36m304 [0m2.987 ms - -[0m
[0mGET /stylesheets/style.css [36m304 [0m7.515 ms - -[0m
[0mGET /javascripts/main.js [36m304 [0m0.955 ms - -[0m
[0mGET /Code [36m304 [0m41.695 ms - -[0m
[0mGET /stylesheets/bootstrap.css [36m304 [0m4.489 ms - -[0m
[0mGET /stylesheets/style.css [36m304 [0m4.909 ms - -[0m
[0mGET /javascripts/bootstrap.js [36m304 [0m1.569 ms - -[0m
[0mGET /javascripts/main.js [36m304 [0m1.702 ms - -[0m
[0mGET /Code [36m304 [0m33.607 ms - -[0m
[0mGET /stylesheets/bootstrap.css [36m304 [0m3.931 ms - -[0m
[0mGET /stylesheets/style.css [36m304 [0m3.853 ms - -[0m
[0mGET /javascripts/bootstrap.js [36m304 [0m1.370 ms - -[0m
[0mGET /javascripts/main.js [36m304 [0m1.212 ms - -[0m
[0mGET /About [32m200 [0m20.071 ms - 1484[0m
[0mGET /stylesheets/bootstrap.css [36m304 [0m2.557 ms - -[0m
[0mGET /javascripts/bootstrap.js [36m304 [0m0.842 ms - -[0m
[0mGET /stylesheets/style.css [36m304 [0m5.098 ms - -[0m
[0mGET /javascripts/main.js [36m304 [0m0.563 ms - -[0m
[0mGET /About [32m200 [0m29.485 ms - 1587[0m
[0mGET /stylesheets/bootstrap.css [36m304 [0m8.619 ms - -[0m
[0mGET /stylesheets/style.css [36m304 [0m8.849 ms - -[0m
[0mGET /javascripts/main.js [36m304 [0m4.569 ms - -[0m
[0mGET /javascripts/bootstrap.js [36m304 [0m1.331 ms - -[0m
[0mGET /Contact [36m304 [0m37.495 ms - -[0m
[0mGET /javascripts/bootstrap.js [36m304 [0m2.209 ms - -[0m
[0mGET /stylesheets/bootstrap.css [36m304 [0m7.964 ms - -[0m
[0mGET /stylesheets/style.css [36m304 [0m8.771 ms - -[0m
[0mGET /javascripts/main.js [36m304 [0m0.558 ms - -[0m
[0mGET /Contact [32m200 [0m35.016 ms - 1586[0m
[0mGET /stylesheets/bootstrap.css [36m304 [0m5.777 ms - -[0m
[0mGET /javascripts/bootstrap.js [36m304 [0m0.677 ms - -[0m
[0mGET /javascripts/main.js [36m304 [0m0.887 ms - -[0m
[0mGET /stylesheets/style.css [36m304 [0m7.935 ms - -[0m
